<?xml version="1.0" encoding="UTF-8"?>
<testsuite xmlns:xsi="http://www.w3.org/2001/XMLSchema-instance" xsi:noNamespaceSchemaLocation="https://maven.apache.org/surefire/maven-surefire-plugin/xsd/surefire-test-report-3.0.xsd" version="3.0" name="pedigree.SimulationIntegrationTest" time="0.022" tests="11" errors="3" skipped="0" failures="1">
  <properties>
[...]
</properties>
  <testcase name="testChildrenReproduceViaEvent" classname="pedigree.SimulationIntegrationTest" time="0.011">
    <failure message="La population doit avoir augmenté de 1 après la reproduction des enfants ==&gt; expected: &lt;5&gt; but was: &lt;4&gt;" type="org.opentest4j.AssertionFailedError"><![CDATA[org.opentest4j.AssertionFailedError: La population doit avoir augmenté de 1 après la reproduction des enfants ==> expected: <5> but was: <4>
	at org.junit.jupiter.api.AssertionFailureBuilder.build(AssertionFailureBuilder.java:151)
	at org.junit.jupiter.api.AssertionFailureBuilder.buildAndThrow(AssertionFailureBuilder.java:132)
	at org.junit.jupiter.api.AssertEquals.failNotEqual(AssertEquals.java:197)
	at org.junit.jupiter.api.AssertEquals.assertEquals(AssertEquals.java:150)
	at org.junit.jupiter.api.Assertions.assertEquals(Assertions.java:559)
	at pedigree.SimulationIntegrationTest.testChildrenReproduceViaEvent(SimulationIntegrationTest.java:145)
	at java.base/java.lang.reflect.Method.invoke(Method.java:580)
	at java.base/java.util.ArrayList.forEach(ArrayList.java:1597)
	at java.base/java.util.ArrayList.forEach(ArrayList.java:1597)
]]></failure>
  </testcase>
  <testcase name="testClock" classname="pedigree.SimulationIntegrationTest" time="0.001"/>
  <testcase name="testDeadParentNoReproduction" classname="pedigree.SimulationIntegrationTest" time="0.001">
    <error message="Cannot invoke &quot;pedigree.Simulator$Event.getSim()&quot; because the return value of &quot;pedigree.Simulator.getEvent()&quot; is null" type="java.lang.NullPointerException"><![CDATA[java.lang.NullPointerException: Cannot invoke "pedigree.Simulator$Event.getSim()" because the return value of "pedigree.Simulator.getEvent()" is null
	at pedigree.SimulationIntegrationTest.testDeadParentNoReproduction(SimulationIntegrationTest.java:199)
	at java.base/java.lang.reflect.Method.invoke(Method.java:580)
	at java.base/java.util.ArrayList.forEach(ArrayList.java:1597)
	at java.base/java.util.ArrayList.forEach(ArrayList.java:1597)
]]></error>
  </testcase>
  <testcase name="testEventAttributes" classname="pedigree.SimulationIntegrationTest" time="0"/>
  <testcase name="testNoMaleNoBirth" classname="pedigree.SimulationIntegrationTest" time="0"/>
  <testcase name="testSexAttribution" classname="pedigree.SimulationIntegrationTest" time="0.001"/>
  <testcase name="testDeathRemovesSimFromPopulation" classname="pedigree.SimulationIntegrationTest" time="0"/>
  <testcase name="testSimpleReproduction" classname="pedigree.SimulationIntegrationTest" time="0.001">
    <error message="Cannot invoke &quot;pedigree.Simulator$Event.getSim()&quot; because the return value of &quot;pedigree.Simulator.getEvent()&quot; is null" type="java.lang.NullPointerException"><![CDATA[java.lang.NullPointerException: Cannot invoke "pedigree.Simulator$Event.getSim()" because the return value of "pedigree.Simulator.getEvent()" is null
	at pedigree.SimulationIntegrationTest.testSimpleReproduction(SimulationIntegrationTest.java:177)
	at java.base/java.lang.reflect.Method.invoke(Method.java:580)
	at java.base/java.util.ArrayList.forEach(ArrayList.java:1597)
	at java.base/java.util.ArrayList.forEach(ArrayList.java:1597)
]]></error>
  </testcase>
  <testcase name="testBirthSchedulesEvents" classname="pedigree.SimulationIntegrationTest" time="0.001"/>
  <testcase name="testFounderBirth" classname="pedigree.SimulationIntegrationTest" time="0.001"/>
  <testcase name="testRepeatedReproductionUntilAgeLimit" classname="pedigree.SimulationIntegrationTest" time="0">
    <error message="Cannot invoke &quot;pedigree.Simulator$Event.getSim()&quot; because the return value of &quot;pedigree.Simulator.getEvent()&quot; is null" type="java.lang.NullPointerException"><![CDATA[java.lang.NullPointerException: Cannot invoke "pedigree.Simulator$Event.getSim()" because the return value of "pedigree.Simulator.getEvent()" is null
	at pedigree.SimulationIntegrationTest.testRepeatedReproductionUntilAgeLimit(SimulationIntegrationTest.java:217)
	at java.base/java.lang.reflect.Method.invoke(Method.java:580)
	at java.base/java.util.ArrayList.forEach(ArrayList.java:1597)
	at java.base/java.util.ArrayList.forEach(ArrayList.java:1597)
]]></error>
  </testcase>
</testsuite>